<?xml version="1.0" encoding="UTF-8"?>
<testsuites name="New Test Suite" time="1.43" tests="1" failures="0" skips="0" errors="0">
   <testsuite name="New Test Suite" tests="1" failures="0" errors="0" time="1.43" skips="0" timestamp="2021-05-01 19:20:35" hostname="Frictus - DESKTOP-PVFQ9EE.mshome.net" id="Test Suites/New Test Suite">
      <properties>
         <property name="deviceName" value=""/>
         <property name="devicePlatform" value=""/>
         <property name="logFolder" value="C:\\DEV\\JEE\\cuddleKatalon\\Reports\\20210501_192031\\New Test Suite\\20210501_192032"/>
         <property name="logFiles" value="C:\\DEV\\JEE\\cuddleKatalon\\Reports\\20210501_192031\\New Test Suite\\20210501_192032\\execution0.log"/>
         <property name="attachments" value=""/>
         <property name="hostName" value="Frictus - DESKTOP-PVFQ9EE.mshome.net"/>
         <property name="hostAddress" value="172.24.112.1"/>
         <property name="os" value="Windows 10 64bit"/>
         <property name="katalonVersion" value="7.9.1.208"/>
      </properties>
      <testcase name="Test Cases/New Test Case" time="0.36" classname="Test Cases/New Test Case" status="PASSED">
         <system-out><![CDATA[2021-05-01 19:20:36 - [TEST_CASE][PASSED] - Test Cases/New Test Case: Test Cases/New Test Case

2021-05-01 19:20:36 - [TEST_STEP][PASSED] - return null: null]]></system-out>
         <system-err><![CDATA[]]></system-err>
      </testcase>
      <system-out><![CDATA[2021-05-01 19:20:35 - [TEST_SUITE][PASSED] - New Test Suite: Test Cases/New Test Case]]></system-out>
      <system-err><![CDATA[]]></system-err>
   </testsuite>
</testsuites>
